f:\netease_projects\project3_snowman\d3d11-snowman\contents\src\snowman\x64\release\snowman.pch
f:\netease_projects\project3_snowman\d3d11-snowman\contents\src\snowman\x64\release\vc141.pdb
f:\netease_projects\project3_snowman\d3d11-snowman\contents\src\snowman\x64\release\pch.obj
f:\netease_projects\project3_snowman\d3d11-snowman\contents\src\snowman\x64\release\utilities.obj
f:\netease_projects\project3_snowman\d3d11-snowman\contents\src\snowman\x64\release\terrain.obj
f:\netease_projects\project3_snowman\d3d11-snowman\contents\src\snowman\x64\release\snowman.obj
f:\netease_projects\project3_snowman\d3d11-snowman\contents\src\snowman\x64\release\skybox.obj
f:\netease_projects\project3_snowman\d3d11-snowman\contents\src\snowman\x64\release\scene.obj
f:\netease_projects\project3_snowman\d3d11-snowman\contents\src\snowman\x64\release\rmodel.obj
f:\netease_projects\project3_snowman\d3d11-snowman\contents\src\snowman\x64\release\plane.obj
f:\netease_projects\project3_snowman\d3d11-snowman\contents\src\snowman\x64\release\deviceresources.obj
f:\netease_projects\project3_snowman\d3d11-snowman\contents\src\snowman\x64\release\main.obj
f:\netease_projects\project3_snowman\d3d11-snowman\contents\src\snowman\x64\release\drawable.obj
f:\netease_projects\project3_snowman\d3d11-snowman\contents\src\snowman\x64\release\cube.obj
f:\netease_projects\project3_snowman\d3d11-snowman\contents\src\snowman\x64\release\camera.obj
f:\netease_projects\project3_snowman\d3d11-snowman\contents\src\snowman\x64\release\pixelshader.cso
f:\netease_projects\project3_snowman\d3d11-snowman\contents\src\snowman\x64\release\shadowpixel.cso
f:\netease_projects\project3_snowman\d3d11-snowman\contents\src\snowman\x64\release\shadowvert.cso
f:\netease_projects\project3_snowman\d3d11-snowman\contents\src\snowman\x64\release\skyboxpixel.cso
f:\netease_projects\project3_snowman\d3d11-snowman\contents\src\snowman\x64\release\skyboxvert.cso
f:\netease_projects\project3_snowman\d3d11-snowman\contents\src\snowman\x64\release\terrainpixel.cso
f:\netease_projects\project3_snowman\d3d11-snowman\contents\src\snowman\x64\release\terrainvert.cso
f:\netease_projects\project3_snowman\d3d11-snowman\contents\src\snowman\x64\release\vertexshader.cso
f:\netease_projects\project3_snowman\d3d11-snowman\contents\src\snowman\x64\release\snowman.exe
f:\netease_projects\project3_snowman\d3d11-snowman\contents\src\snowman\x64\release\snowman.pdb
f:\netease_projects\project3_snowman\d3d11-snowman\contents\src\snowman\x64\release\resource.res
f:\netease_projects\project3_snowman\d3d11-snowman\contents\src\snowman\x64\release\snowman.lib
f:\netease_projects\project3_snowman\d3d11-snowman\contents\src\snowman\x64\release\snowman.exp
f:\netease_projects\project3_snowman\d3d11-snowman\contents\src\snowman\x64\release\snowman.ipdb
f:\netease_projects\project3_snowman\d3d11-snowman\contents\src\snowman\x64\release\snowman.iobj
f:\netease_projects\project3_snowman\d3d11-snowman\contents\src\snowman\x64/release/snowman.exe
f:\netease_projects\project3_snowman\d3d11-snowman\contents\src\snowman\x64\release\snowman.tlog\cl.command.1.tlog
f:\netease_projects\project3_snowman\d3d11-snowman\contents\src\snowman\x64\release\snowman.tlog\cl.read.1.tlog
f:\netease_projects\project3_snowman\d3d11-snowman\contents\src\snowman\x64\release\snowman.tlog\cl.write.1.tlog
f:\netease_projects\project3_snowman\d3d11-snowman\contents\src\snowman\x64\release\snowman.tlog\fxc.command.1.tlog
f:\netease_projects\project3_snowman\d3d11-snowman\contents\src\snowman\x64\release\snowman.tlog\fxc.read.1.tlog
f:\netease_projects\project3_snowman\d3d11-snowman\contents\src\snowman\x64\release\snowman.tlog\fxc.write.1.tlog
f:\netease_projects\project3_snowman\d3d11-snowman\contents\src\snowman\x64\release\snowman.tlog\link.command.1.tlog
f:\netease_projects\project3_snowman\d3d11-snowman\contents\src\snowman\x64\release\snowman.tlog\link.read.1.tlog
f:\netease_projects\project3_snowman\d3d11-snowman\contents\src\snowman\x64\release\snowman.tlog\link.write.1.tlog
f:\netease_projects\project3_snowman\d3d11-snowman\contents\src\snowman\x64\release\snowman.tlog\rc.command.1.tlog
f:\netease_projects\project3_snowman\d3d11-snowman\contents\src\snowman\x64\release\snowman.tlog\rc.read.1.tlog
f:\netease_projects\project3_snowman\d3d11-snowman\contents\src\snowman\x64\release\snowman.tlog\rc.write.1.tlog
f:\netease_projects\project3_snowman\d3d11-snowman\contents\src\snowman\x64\release\snowman.tlog\snowman.write.1u.tlog
