f:\netease_projects\project3_snowman\d3d11-snowman\contents\src\snowman\x64\debug\snowman.pch
f:\netease_projects\project3_snowman\d3d11-snowman\contents\src\snowman\x64\debug\vc141.pdb
f:\netease_projects\project3_snowman\d3d11-snowman\contents\src\snowman\x64\debug\vc141.idb
f:\netease_projects\project3_snowman\d3d11-snowman\contents\src\snowman\x64\debug\pch.obj
f:\netease_projects\project3_snowman\d3d11-snowman\contents\src\snowman\x64\debug\camera.obj
f:\netease_projects\project3_snowman\d3d11-snowman\contents\src\snowman\x64\debug\cube.obj
f:\netease_projects\project3_snowman\d3d11-snowman\contents\src\snowman\x64\debug\drawable.obj
f:\netease_projects\project3_snowman\d3d11-snowman\contents\src\snowman\x64\debug\main.obj
f:\netease_projects\project3_snowman\d3d11-snowman\contents\src\snowman\x64\debug\deviceresources.obj
f:\netease_projects\project3_snowman\d3d11-snowman\contents\src\snowman\x64\debug\plane.obj
f:\netease_projects\project3_snowman\d3d11-snowman\contents\src\snowman\x64\debug\rmodel.obj
f:\netease_projects\project3_snowman\d3d11-snowman\contents\src\snowman\x64\debug\scene.obj
f:\netease_projects\project3_snowman\d3d11-snowman\contents\src\snowman\x64\debug\skybox.obj
f:\netease_projects\project3_snowman\d3d11-snowman\contents\src\snowman\x64\debug\snowman.obj
f:\netease_projects\project3_snowman\d3d11-snowman\contents\src\snowman\x64\debug\terrain.obj
f:\netease_projects\project3_snowman\d3d11-snowman\contents\src\snowman\x64\debug\utilities.obj
f:\netease_projects\project3_snowman\d3d11-snowman\contents\bin\debug\pixelshader.cso
f:\netease_projects\project3_snowman\d3d11-snowman\contents\bin\debug\shadowpixel.cso
f:\netease_projects\project3_snowman\d3d11-snowman\contents\bin\debug\shadowvert.cso
f:\netease_projects\project3_snowman\d3d11-snowman\contents\bin\debug\skyboxpixel.cso
f:\netease_projects\project3_snowman\d3d11-snowman\contents\bin\debug\skyboxvert.cso
f:\netease_projects\project3_snowman\d3d11-snowman\contents\bin\debug\terrainpixel.cso
f:\netease_projects\project3_snowman\d3d11-snowman\contents\bin\debug\terrainvert.cso
f:\netease_projects\project3_snowman\d3d11-snowman\contents\bin\debug\vertexshader.cso
f:\netease_projects\project3_snowman\d3d11-snowman\contents\bin\debug\snowman.ilk
f:\netease_projects\project3_snowman\d3d11-snowman\contents\bin\debug\snowman.exe
f:\netease_projects\project3_snowman\d3d11-snowman\contents\bin\debug\snowman.pdb
f:\netease_projects\project3_snowman\d3d11-snowman\contents\src\snowman\x64\debug\resource.res
f:\netease_projects\project3_snowman\d3d11-snowman\contents\src\snowman\x64\debug\snowman.exe.embed.manifest.res
f:\netease_projects\project3_snowman\d3d11-snowman\contents\bin\debug\snowman.lib
f:\netease_projects\project3_snowman\d3d11-snowman\contents\bin\debug\snowman.exp
f:\netease_projects\project3_snowman\d3d11-snowman\contents\src\snowman\x64\debug\snowman.exe.embed.manifest
f:\netease_projects\project3_snowman\d3d11-snowman\contents\src\snowman\x64\debug\snowman_manifest.rc
f:\netease_projects\project3_snowman\d3d11-snowman\contents\src\snowman\../../bin/debug/snowman.exe
f:\netease_projects\project3_snowman\d3d11-snowman\contents\src\snowman\x64\debug\snowman.tlog\cl.command.1.tlog
f:\netease_projects\project3_snowman\d3d11-snowman\contents\src\snowman\x64\debug\snowman.tlog\cl.read.1.tlog
f:\netease_projects\project3_snowman\d3d11-snowman\contents\src\snowman\x64\debug\snowman.tlog\cl.write.1.tlog
f:\netease_projects\project3_snowman\d3d11-snowman\contents\src\snowman\x64\debug\snowman.tlog\fxc.command.1.tlog
f:\netease_projects\project3_snowman\d3d11-snowman\contents\src\snowman\x64\debug\snowman.tlog\fxc.read.1.tlog
f:\netease_projects\project3_snowman\d3d11-snowman\contents\src\snowman\x64\debug\snowman.tlog\fxc.write.1.tlog
f:\netease_projects\project3_snowman\d3d11-snowman\contents\src\snowman\x64\debug\snowman.tlog\link.command.1.tlog
f:\netease_projects\project3_snowman\d3d11-snowman\contents\src\snowman\x64\debug\snowman.tlog\link.read.1.tlog
f:\netease_projects\project3_snowman\d3d11-snowman\contents\src\snowman\x64\debug\snowman.tlog\link.write.1.tlog
f:\netease_projects\project3_snowman\d3d11-snowman\contents\src\snowman\x64\debug\snowman.tlog\rc.command.1.tlog
f:\netease_projects\project3_snowman\d3d11-snowman\contents\src\snowman\x64\debug\snowman.tlog\rc.read.1.tlog
f:\netease_projects\project3_snowman\d3d11-snowman\contents\src\snowman\x64\debug\snowman.tlog\rc.write.1.tlog
f:\netease_projects\project3_snowman\d3d11-snowman\contents\src\snowman\x64\debug\snowman.tlog\snowman.write.1u.tlog
