f:\netease_projects\project3_snowman\d3d11-snowman\kits\directxtk\bin\desktop_2015\x64\release\directxtk.pch
f:\netease_projects\project3_snowman\d3d11-snowman\kits\directxtk\bin\desktop_2015\x64\release\directxtk.pdb
f:\netease_projects\project3_snowman\d3d11-snowman\kits\directxtk\bin\desktop_2015\x64\release\pch.obj
f:\netease_projects\project3_snowman\d3d11-snowman\kits\directxtk\bin\desktop_2015\x64\release\model.obj
f:\netease_projects\project3_snowman\d3d11-snowman\kits\directxtk\bin\desktop_2015\x64\release\keyboard.obj
f:\netease_projects\project3_snowman\d3d11-snowman\kits\directxtk\bin\desktop_2015\x64\release\graphicsmemory.obj
f:\netease_projects\project3_snowman\d3d11-snowman\kits\directxtk\bin\desktop_2015\x64\release\geometry.obj
f:\netease_projects\project3_snowman\d3d11-snowman\kits\directxtk\bin\desktop_2015\x64\release\geometricprimitive.obj
f:\netease_projects\project3_snowman\d3d11-snowman\kits\directxtk\bin\desktop_2015\x64\release\gamepad.obj
f:\netease_projects\project3_snowman\d3d11-snowman\kits\directxtk\bin\desktop_2015\x64\release\environmentmapeffect.obj
f:\netease_projects\project3_snowman\d3d11-snowman\kits\directxtk\bin\desktop_2015\x64\release\effectfactory.obj
f:\netease_projects\project3_snowman\d3d11-snowman\kits\directxtk\bin\desktop_2015\x64\release\effectcommon.obj
f:\netease_projects\project3_snowman\d3d11-snowman\kits\directxtk\bin\desktop_2015\x64\release\binaryreader.obj
f:\netease_projects\project3_snowman\d3d11-snowman\kits\directxtk\bin\desktop_2015\x64\release\dualtextureeffect.obj
f:\netease_projects\project3_snowman\d3d11-snowman\kits\directxtk\bin\desktop_2015\x64\release\dualpostprocess.obj
f:\netease_projects\project3_snowman\d3d11-snowman\kits\directxtk\bin\desktop_2015\x64\release\dgsleffectfactory.obj
f:\netease_projects\project3_snowman\d3d11-snowman\kits\directxtk\bin\desktop_2015\x64\release\dgsleffect.obj
f:\netease_projects\project3_snowman\d3d11-snowman\kits\directxtk\bin\desktop_2015\x64\release\debugeffect.obj
f:\netease_projects\project3_snowman\d3d11-snowman\kits\directxtk\bin\desktop_2015\x64\release\ddstextureloader.obj
f:\netease_projects\project3_snowman\d3d11-snowman\kits\directxtk\bin\desktop_2015\x64\release\commonstates.obj
f:\netease_projects\project3_snowman\d3d11-snowman\kits\directxtk\bin\desktop_2015\x64\release\basicpostprocess.obj
f:\netease_projects\project3_snowman\d3d11-snowman\kits\directxtk\bin\desktop_2015\x64\release\basiceffect.obj
f:\netease_projects\project3_snowman\d3d11-snowman\kits\directxtk\bin\desktop_2015\x64\release\alphatesteffect.obj
f:\netease_projects\project3_snowman\d3d11-snowman\kits\directxtk\bin\desktop_2015\x64\release\wictextureloader.obj
f:\netease_projects\project3_snowman\d3d11-snowman\kits\directxtk\bin\desktop_2015\x64\release\vertextypes.obj
f:\netease_projects\project3_snowman\d3d11-snowman\kits\directxtk\bin\desktop_2015\x64\release\tonemappostprocess.obj
f:\netease_projects\project3_snowman\d3d11-snowman\kits\directxtk\bin\desktop_2015\x64\release\spritefont.obj
f:\netease_projects\project3_snowman\d3d11-snowman\kits\directxtk\bin\desktop_2015\x64\release\primitivebatch.obj
f:\netease_projects\project3_snowman\d3d11-snowman\kits\directxtk\bin\desktop_2015\x64\release\spritebatch.obj
f:\netease_projects\project3_snowman\d3d11-snowman\kits\directxtk\bin\desktop_2015\x64\release\skinnedeffect.obj
f:\netease_projects\project3_snowman\d3d11-snowman\kits\directxtk\bin\desktop_2015\x64\release\simplemath.obj
f:\netease_projects\project3_snowman\d3d11-snowman\kits\directxtk\bin\desktop_2015\x64\release\screengrab.obj
f:\netease_projects\project3_snowman\d3d11-snowman\kits\directxtk\bin\desktop_2015\x64\release\pbreffect.obj
f:\netease_projects\project3_snowman\d3d11-snowman\kits\directxtk\bin\desktop_2015\x64\release\normalmapeffect.obj
f:\netease_projects\project3_snowman\d3d11-snowman\kits\directxtk\bin\desktop_2015\x64\release\mouse.obj
f:\netease_projects\project3_snowman\d3d11-snowman\kits\directxtk\bin\desktop_2015\x64\release\modelloadvbo.obj
f:\netease_projects\project3_snowman\d3d11-snowman\kits\directxtk\bin\desktop_2015\x64\release\modelloadsdkmesh.obj
f:\netease_projects\project3_snowman\d3d11-snowman\kits\directxtk\bin\desktop_2015\x64\release\modelloadcmo.obj
f:\netease_projects\project3_snowman\d3d11-snowman\kits\directxtk\bin\desktop_2015\x64\release\directxtk.lib
f:\netease_projects\project3_snowman\d3d11-snowman\kits\directxtk\bin\desktop_2015\x64\release\directxt.e0b52ae7.tlog\cl.command.1.tlog
f:\netease_projects\project3_snowman\d3d11-snowman\kits\directxtk\bin\desktop_2015\x64\release\directxt.e0b52ae7.tlog\cl.read.1.tlog
f:\netease_projects\project3_snowman\d3d11-snowman\kits\directxtk\bin\desktop_2015\x64\release\directxt.e0b52ae7.tlog\cl.write.1.tlog
f:\netease_projects\project3_snowman\d3d11-snowman\kits\directxtk\bin\desktop_2015\x64\release\directxt.e0b52ae7.tlog\lib-link.read.1.tlog
f:\netease_projects\project3_snowman\d3d11-snowman\kits\directxtk\bin\desktop_2015\x64\release\directxt.e0b52ae7.tlog\lib-link.write.1.tlog
f:\netease_projects\project3_snowman\d3d11-snowman\kits\directxtk\bin\desktop_2015\x64\release\directxt.e0b52ae7.tlog\lib.command.1.tlog
