f:\netease_projects\project3_snowman\d3d11-snowman\kits\directxtk\bin\desktop_2015\x64\debug\directxtk.pch
f:\netease_projects\project3_snowman\d3d11-snowman\kits\directxtk\bin\desktop_2015\x64\debug\directxtk.pdb
f:\netease_projects\project3_snowman\d3d11-snowman\kits\directxtk\bin\desktop_2015\x64\debug\directxtk.idb
f:\netease_projects\project3_snowman\d3d11-snowman\kits\directxtk\bin\desktop_2015\x64\debug\pch.obj
f:\netease_projects\project3_snowman\d3d11-snowman\kits\directxtk\bin\desktop_2015\x64\debug\geometricprimitive.obj
f:\netease_projects\project3_snowman\d3d11-snowman\kits\directxtk\bin\desktop_2015\x64\debug\geometry.obj
f:\netease_projects\project3_snowman\d3d11-snowman\kits\directxtk\bin\desktop_2015\x64\debug\graphicsmemory.obj
f:\netease_projects\project3_snowman\d3d11-snowman\kits\directxtk\bin\desktop_2015\x64\debug\keyboard.obj
f:\netease_projects\project3_snowman\d3d11-snowman\kits\directxtk\bin\desktop_2015\x64\debug\model.obj
f:\netease_projects\project3_snowman\d3d11-snowman\kits\directxtk\bin\desktop_2015\x64\debug\modelloadcmo.obj
f:\netease_projects\project3_snowman\d3d11-snowman\kits\directxtk\bin\desktop_2015\x64\debug\modelloadsdkmesh.obj
f:\netease_projects\project3_snowman\d3d11-snowman\kits\directxtk\bin\desktop_2015\x64\debug\modelloadvbo.obj
f:\netease_projects\project3_snowman\d3d11-snowman\kits\directxtk\bin\desktop_2015\x64\debug\mouse.obj
f:\netease_projects\project3_snowman\d3d11-snowman\kits\directxtk\bin\desktop_2015\x64\debug\normalmapeffect.obj
f:\netease_projects\project3_snowman\d3d11-snowman\kits\directxtk\bin\desktop_2015\x64\debug\pbreffect.obj
f:\netease_projects\project3_snowman\d3d11-snowman\kits\directxtk\bin\desktop_2015\x64\debug\screengrab.obj
f:\netease_projects\project3_snowman\d3d11-snowman\kits\directxtk\bin\desktop_2015\x64\debug\simplemath.obj
f:\netease_projects\project3_snowman\d3d11-snowman\kits\directxtk\bin\desktop_2015\x64\debug\skinnedeffect.obj
f:\netease_projects\project3_snowman\d3d11-snowman\kits\directxtk\bin\desktop_2015\x64\debug\spritebatch.obj
f:\netease_projects\project3_snowman\d3d11-snowman\kits\directxtk\bin\desktop_2015\x64\debug\primitivebatch.obj
f:\netease_projects\project3_snowman\d3d11-snowman\kits\directxtk\bin\desktop_2015\x64\debug\spritefont.obj
f:\netease_projects\project3_snowman\d3d11-snowman\kits\directxtk\bin\desktop_2015\x64\debug\tonemappostprocess.obj
f:\netease_projects\project3_snowman\d3d11-snowman\kits\directxtk\bin\desktop_2015\x64\debug\vertextypes.obj
f:\netease_projects\project3_snowman\d3d11-snowman\kits\directxtk\bin\desktop_2015\x64\debug\wictextureloader.obj
f:\netease_projects\project3_snowman\d3d11-snowman\kits\directxtk\bin\desktop_2015\x64\debug\alphatesteffect.obj
f:\netease_projects\project3_snowman\d3d11-snowman\kits\directxtk\bin\desktop_2015\x64\debug\basiceffect.obj
f:\netease_projects\project3_snowman\d3d11-snowman\kits\directxtk\bin\desktop_2015\x64\debug\basicpostprocess.obj
f:\netease_projects\project3_snowman\d3d11-snowman\kits\directxtk\bin\desktop_2015\x64\debug\commonstates.obj
f:\netease_projects\project3_snowman\d3d11-snowman\kits\directxtk\bin\desktop_2015\x64\debug\ddstextureloader.obj
f:\netease_projects\project3_snowman\d3d11-snowman\kits\directxtk\bin\desktop_2015\x64\debug\debugeffect.obj
f:\netease_projects\project3_snowman\d3d11-snowman\kits\directxtk\bin\desktop_2015\x64\debug\dgsleffect.obj
f:\netease_projects\project3_snowman\d3d11-snowman\kits\directxtk\bin\desktop_2015\x64\debug\dgsleffectfactory.obj
f:\netease_projects\project3_snowman\d3d11-snowman\kits\directxtk\bin\desktop_2015\x64\debug\dualpostprocess.obj
f:\netease_projects\project3_snowman\d3d11-snowman\kits\directxtk\bin\desktop_2015\x64\debug\dualtextureeffect.obj
f:\netease_projects\project3_snowman\d3d11-snowman\kits\directxtk\bin\desktop_2015\x64\debug\binaryreader.obj
f:\netease_projects\project3_snowman\d3d11-snowman\kits\directxtk\bin\desktop_2015\x64\debug\effectcommon.obj
f:\netease_projects\project3_snowman\d3d11-snowman\kits\directxtk\bin\desktop_2015\x64\debug\effectfactory.obj
f:\netease_projects\project3_snowman\d3d11-snowman\kits\directxtk\bin\desktop_2015\x64\debug\environmentmapeffect.obj
f:\netease_projects\project3_snowman\d3d11-snowman\kits\directxtk\bin\desktop_2015\x64\debug\gamepad.obj
f:\netease_projects\project3_snowman\d3d11-snowman\kits\directxtk\bin\desktop_2015\x64\debug\directxtk.lib
f:\netease_projects\project3_snowman\d3d11-snowman\kits\directxtk\bin\desktop_2015\x64\debug\directxt.e0b52ae7.tlog\cl.command.1.tlog
f:\netease_projects\project3_snowman\d3d11-snowman\kits\directxtk\bin\desktop_2015\x64\debug\directxt.e0b52ae7.tlog\cl.read.1.tlog
f:\netease_projects\project3_snowman\d3d11-snowman\kits\directxtk\bin\desktop_2015\x64\debug\directxt.e0b52ae7.tlog\cl.write.1.tlog
f:\netease_projects\project3_snowman\d3d11-snowman\kits\directxtk\bin\desktop_2015\x64\debug\directxt.e0b52ae7.tlog\lib-link.read.1.tlog
f:\netease_projects\project3_snowman\d3d11-snowman\kits\directxtk\bin\desktop_2015\x64\debug\directxt.e0b52ae7.tlog\lib-link.write.1.tlog
f:\netease_projects\project3_snowman\d3d11-snowman\kits\directxtk\bin\desktop_2015\x64\debug\directxt.e0b52ae7.tlog\lib.command.1.tlog
